<?xml version="1.0" encoding="UTF-8"?>
<!-- Generated by org.testng.reporters.JUnitXMLReporter -->
<testsuite ignored="5" hostname="DESKTOP-GIEQN5M" failures="0" tests="1" name="Default test" time="3.554" errors="0" timestamp="2026-02-18T00:39:43 EET">
  <testcase classname="firstproject.sauce" name="login" time="0.242"/>
  <testcase classname="firstproject.sauce" name="cartbadge" time="0.0">
    <ignored/>
  </testcase> <!-- cartbadge -->
  <testcase classname="firstproject.sauce" name="RandomCart" time="0.0">
    <ignored/>
  </testcase> <!-- RandomCart -->
  <testcase classname="firstproject.sauce" name="remove" time="0.0">
    <ignored/>
  </testcase> <!-- remove -->
  <testcase classname="firstproject.sauce" name="add" time="0.0">
    <ignored/>
  </testcase> <!-- add -->
  <testcase classname="firstproject.sauce" name="cartbadge2" time="0.0">
    <ignored/>
  </testcase> <!-- cartbadge2 -->
</testsuite> <!-- Default test -->
