<?xml version="1.0" encoding="UTF-8"?>
<!-- Generated by org.testng.reporters.JUnitReportReporter -->
<testsuite hostname="DESKTOP-GIEQN5M" failures="0" tests="5" name="firstproject.souce" time="2.608" errors="0" timestamp="2026-02-06T21:09:13 EET" skipped="0">
  <testcase classname="firstproject.souce" name="login" time="0.220"/>
  <testcase classname="firstproject.souce" name="add" time="0.393"/>
  <testcase classname="firstproject.souce" name="cartbadge" time="0.159"/>
  <testcase classname="firstproject.souce" name="remove" time="1.823"/>
  <testcase classname="firstproject.souce" name="cartbadge2" time="0.013"/>
</testsuite> <!-- firstproject.souce -->
