<?xml version="1.0" encoding="UTF-8"?>
<!-- Generated by org.testng.reporters.JUnitReportReporter -->
<testsuite hostname="DESKTOP-GIEQN5M" failures="0" tests="6" name="firstproject.sauce" time="0.242" errors="0" timestamp="2026-02-18T00:39:43 EET" skipped="5">
  <testcase classname="firstproject.sauce" name="login" time="0.242"/>
  <testcase classname="firstproject.sauce" name="cartbadge">
    <skipped/>
  </testcase> <!-- cartbadge -->
  <testcase classname="firstproject.sauce" name="RandomCart">
    <skipped/>
  </testcase> <!-- RandomCart -->
  <testcase classname="firstproject.sauce" name="remove">
    <skipped/>
  </testcase> <!-- remove -->
  <testcase classname="firstproject.sauce" name="add">
    <skipped/>
  </testcase> <!-- add -->
  <testcase classname="firstproject.sauce" name="cartbadge2">
    <skipped/>
  </testcase> <!-- cartbadge2 -->
</testsuite> <!-- firstproject.sauce -->
